{"type":"server-started","port":52814,"host":"127.0.0.1","url_host":"localhost","url":"http://localhost:52814","screen_dir":"/home/szymon/BoosterAI/boosterai-site/.superpowers/brainstorm/101240-1775424853/content","state_dir":"/home/szymon/BoosterAI/boosterai-site/.superpowers/brainstorm/101240-1775424853/state"}
{"type":"screen-added","file":"/home/szymon/BoosterAI/boosterai-site/.superpowers/brainstorm/101240-1775424853/content/branding-assets.html"}
{"type":"screen-updated","file":"/home/szymon/BoosterAI/boosterai-site/.superpowers/brainstorm/101240-1775424853/content/branding-assets.html"}
{"source":"user-event","type":"click","text":"A\n    \n      Logo file ready\n      \n        I have an SVG or PNG logo file for Booster AI that can be placed in public/","choice":"a","id":null,"timestamp":1775424960628}
{"source":"user-event","type":"click","text":"A\n    \n      Logo file ready\n      \n        I have an SVG or PNG logo file for Booster AI that can be placed in public/","choice":"a","id":null,"timestamp":1775424974318}
{"source":"user-event","type":"click","text":"A\n    \n      Logo file ready\n      \n        I have an SVG or PNG logo file for Booster AI that can be placed in public/","choice":"a","id":null,"timestamp":1775424975160}
{"source":"user-event","type":"click","text":"A\n    \n      Logo file ready\n      \n        I have an SVG or PNG logo file for Booster AI that can be placed in public/","choice":"a","id":null,"timestamp":1775424975345}
{"source":"user-event","type":"click","text":"B\n    \n      Text/wordmark only\n      No image file — just use the \"Booster AI\" text as the admin panel title","choice":"b","id":null,"timestamp":1775424976138}
{"source":"user-event","type":"click","text":"C\n    \n      Need to create a logo\n      I don't have one yet — let's create a simple SVG placeholder logo as part of this task","choice":"c","id":null,"timestamp":1775424976860}
{"source":"user-event","type":"click","text":"A\n    \n      Logo file ready\n      \n        I have an SVG or PNG logo file for Booster AI that can be placed in public/","choice":"a","id":null,"timestamp":1775424980072}
{"source":"user-event","type":"click","text":"B\n    \n      Text/wordmark only\n      No image file — just use the \"Booster AI\" text as the admin panel title","choice":"b","id":null,"timestamp":1775424987574}
{"source":"user-event","type":"click","text":"A\n    \n      Logo file ready\n      \n        I have an SVG or PNG logo file for Booster AI that can be placed in public/","choice":"a","id":null,"timestamp":1775424988703}
{"source":"user-event","type":"click","text":"A\n    \n      Logo file ready\n      \n        I have an SVG or PNG logo file for Booster AI that can be placed in public/","choice":"a","id":null,"timestamp":1775424990250}
{"source":"user-event","type":"click","text":"A\n    \n      Logo file ready\n      \n        I have an SVG or PNG logo file for Booster AI that can be placed in public/","choice":"a","id":null,"timestamp":1775424991907}
{"source":"user-event","type":"click","text":"A\n    \n      Logo file ready\n      \n        I have an SVG or PNG logo file for Booster AI that can be placed in public/","choice":"a","id":null,"timestamp":1775424993168}
{"source":"user-event","type":"click","text":"C\n    \n      Need to create a logo\n      I don't have one yet — let's create a simple SVG placeholder logo as part of this task","choice":"c","id":null,"timestamp":1775425065339}
{"source":"user-event","type":"click","text":"B\n    \n      Text/wordmark only\n      No image file — just use the \"Booster AI\" text as the admin panel title","choice":"b","id":null,"timestamp":1775425065603}
{"type":"screen-added","file":"/home/szymon/BoosterAI/boosterai-site/.superpowers/brainstorm/101240-1775424853/content/color-direction.html"}
{"type":"screen-updated","file":"/home/szymon/BoosterAI/boosterai-site/.superpowers/brainstorm/101240-1775424853/content/color-direction.html"}
{"source":"user-event","type":"click","text":"Dark Blue / Tech\n      Deep navy with electric blue — trusted, professional SaaS look","choice":"dark-blue","id":null,"timestamp":1775425243206}
{"type":"screen-added","file":"/home/szymon/BoosterAI/boosterai-site/.superpowers/brainstorm/101240-1775424853/content/waiting-1.html"}
{"type":"screen-updated","file":"/home/szymon/BoosterAI/boosterai-site/.superpowers/brainstorm/101240-1775424853/content/waiting-1.html"}
{"type":"server-stopped","reason":"owner process exited"}
